<?xml version="1.0" encoding="UTF-8"?>
<testng-results skipped="0" failed="0" total="1" passed="1">
  <reporter-output>
  </reporter-output>
  <suite name="examples.NewTest" duration-ms="17739" started-at="2016-08-15T01:34:32Z" finished-at="2016-08-15T01:34:50Z">
    <groups>
    </groups>
    <test name="Command line test" duration-ms="17739" started-at="2016-08-15T01:34:32Z" finished-at="2016-08-15T01:34:50Z">
      <class name="examples.NewTest">
        <test-method status="PASS" signature="beforeTest()[pri:0, instance:examples.NewTest@dfd3711]" name="beforeTest" is-config="true" duration-ms="4054" started-at="2016-08-15T07:04:32Z" finished-at="2016-08-15T07:04:37Z">
          <reporter-output>
          </reporter-output>
        </test-method> <!-- beforeTest -->
        <test-method status="PASS" signature="f()[pri:0, instance:examples.NewTest@dfd3711]" name="f" duration-ms="12555" started-at="2016-08-15T07:04:37Z" finished-at="2016-08-15T07:04:49Z">
          <reporter-output>
          </reporter-output>
        </test-method> <!-- f -->
        <test-method status="PASS" signature="afterTest()[pri:0, instance:examples.NewTest@dfd3711]" name="afterTest" is-config="true" duration-ms="1117" started-at="2016-08-15T07:04:49Z" finished-at="2016-08-15T07:04:50Z">
          <reporter-output>
          </reporter-output>
        </test-method> <!-- afterTest -->
      </class> <!-- examples.NewTest -->
    </test> <!-- Command line test -->
  </suite> <!-- examples.NewTest -->
</testng-results>
